
================== mutate ==================
11111111111111
排序后的数组: [43, 72, 75, 100, 137, 158, 216, 221, 240, 286]
第 23 题, 交叉/变异后,size正常
22222222222222
排序后的数组: [43, 72, 75, 100, 137, 158, 216, 221, 240, 286]
33333333333333
排序后的数组: [43, 72, 75, 100, 137, 158, 216, 221, 240, 286]
44444444444444  题型校验正常
排序后的数组: [43, 72, 75, 100, 137, 158, 216, 221, 240, 286]
55555555555555
=================  指标信息初步统计  =====================
1.问题1：ori解未及时更新，
2.问题2：寻找到多个完美解。
3.问题3：in解里有原始解！！！
4.问题4：ArrayList<String> inListRe = rearrange(type, inList);  in 和 inRe 数量不一致！！
5.问题5：b = propCheck(tmp,outList.get(i),inListRe.get(j));   bachItemList发生了变化！！
6.问题6：初始化时就已经存在重复解的情况
本套试卷 题型比例既有多 又有少的情况。
本套试卷 属性比例不足的情况。
排序后的数组: [1, 1, 1, 9, 30, 50, 132, 145, 197, 304]

7.问题7：属性比例过多  属性比例不足 &&


